2021-04-03 21:57:58.793 INFO  com.github.frankzengjj.Wiki.WikiApplication       :55   [32m                  [0;39m Starting WikiApplication using Java 14.0.1 on Tianyus-MacBook-Air.local with PID 28574 (/Users/tianyuzeng/Desktop/github/Wiki/target/classes started by tianyuzeng in /Users/tianyuzeng/Desktop/github/Wiki)
2021-04-03 21:57:58.822 INFO  com.github.frankzengjj.Wiki.WikiApplication       :662  [32m                  [0;39m No active profile set, falling back to default profiles: default
2021-04-03 21:57:58.951 INFO  o.s.b.d.env.DevToolsPropertyDefaultsPostProcessor :255  [32m                  [0;39m Devtools property defaults active! Set 'spring.devtools.add-properties' to 'false' to disable
2021-04-03 21:57:58.952 INFO  o.s.b.d.env.DevToolsPropertyDefaultsPostProcessor :255  [32m                  [0;39m For additional web related logging consider setting the 'logging.level.web' property to 'DEBUG'
2021-04-03 21:58:01.132 INFO  o.s.boot.web.embedded.tomcat.TomcatWebServer      :108  [32m                  [0;39m Tomcat initialized with port(s): 8080 (http)
2021-04-03 21:58:01.144 INFO  org.apache.coyote.http11.Http11NioProtocol        :173  [32m                  [0;39m Initializing ProtocolHandler ["http-nio-8080"]
2021-04-03 21:58:01.145 INFO  org.apache.catalina.core.StandardService          :173  [32m                  [0;39m Starting service [Tomcat]
2021-04-03 21:58:01.145 INFO  org.apache.catalina.core.StandardEngine           :173  [32m                  [0;39m Starting Servlet engine: [Apache Tomcat/9.0.44]
2021-04-03 21:58:01.231 INFO  o.a.c.core.ContainerBase.[Tomcat].[localhost].[/] :173  [32m                  [0;39m Initializing Spring embedded WebApplicationContext
2021-04-03 21:58:01.232 INFO  o.s.b.w.s.c.ServletWebServerApplicationContext    :289  [32m                  [0;39m Root WebApplicationContext: initialization completed in 2279 ms
2021-04-03 21:58:01.880 INFO  o.s.scheduling.concurrent.ThreadPoolTaskExecutor  :181  [32m                  [0;39m Initializing ExecutorService 'applicationTaskExecutor'
2021-04-03 21:58:02.191 INFO  o.s.b.d.autoconfigure.OptionalLiveReloadServer    :58   [32m                  [0;39m LiveReload server is running on port 35729
2021-04-03 21:58:02.206 INFO  org.apache.coyote.http11.Http11NioProtocol        :173  [32m                  [0;39m Starting ProtocolHandler ["http-nio-8080"]
2021-04-03 21:58:02.230 INFO  o.s.boot.web.embedded.tomcat.TomcatWebServer      :220  [32m                  [0;39m Tomcat started on port(s): 8080 (http) with context path ''
2021-04-03 21:58:02.251 INFO  com.github.frankzengjj.Wiki.WikiApplication       :61   [32m                  [0;39m Started WikiApplication in 4.393 seconds (JVM running for 5.49)
2021-04-03 21:58:14.336 INFO  o.a.c.core.ContainerBase.[Tomcat].[localhost].[/] :173  [32m                  [0;39m Initializing Spring DispatcherServlet 'dispatcherServlet'
2021-04-03 21:58:14.339 INFO  org.springframework.web.servlet.DispatcherServlet :525  [32m                  [0;39m Initializing Servlet 'dispatcherServlet'
2021-04-03 21:58:14.341 INFO  org.springframework.web.servlet.DispatcherServlet :547  [32m                  [0;39m Completed initialization in 1 ms
2021-04-03 21:58:14.446 INFO  com.zaxxer.hikari.HikariDataSource                :110  [32m                  [0;39m HikariPool-1 - Starting...
2021-04-03 21:58:16.305 INFO  com.zaxxer.hikari.HikariDataSource                :123  [32m                  [0;39m HikariPool-1 - Start completed.
2021-04-03 22:09:37.506 INFO  o.s.scheduling.concurrent.ThreadPoolTaskExecutor  :218  [32m                  [0;39m Shutting down ExecutorService 'applicationTaskExecutor'
2021-04-03 22:09:37.511 INFO  com.zaxxer.hikari.HikariDataSource                :350  [32m                  [0;39m HikariPool-1 - Shutdown initiated...
2021-04-03 22:09:38.537 INFO  com.zaxxer.hikari.HikariDataSource                :352  [32m                  [0;39m HikariPool-1 - Shutdown completed.
2021-04-03 22:09:38.838 INFO  com.github.frankzengjj.Wiki.WikiApplication       :55   [32m                  [0;39m Starting WikiApplication using Java 14.0.1 on Tianyus-MacBook-Air.local with PID 28574 (/Users/tianyuzeng/Desktop/github/Wiki/target/classes started by tianyuzeng in /Users/tianyuzeng/Desktop/github/Wiki)
2021-04-03 22:09:38.838 INFO  com.github.frankzengjj.Wiki.WikiApplication       :662  [32m                  [0;39m No active profile set, falling back to default profiles: default
2021-04-03 22:09:39.385 INFO  o.s.boot.web.embedded.tomcat.TomcatWebServer      :108  [32m                  [0;39m Tomcat initialized with port(s): 8080 (http)
2021-04-03 22:09:39.386 INFO  org.apache.coyote.http11.Http11NioProtocol        :173  [32m                  [0;39m Initializing ProtocolHandler ["http-nio-8080"]
2021-04-03 22:09:39.387 INFO  org.apache.catalina.core.StandardService          :173  [32m                  [0;39m Starting service [Tomcat]
2021-04-03 22:09:39.388 INFO  org.apache.catalina.core.StandardEngine           :173  [32m                  [0;39m Starting Servlet engine: [Apache Tomcat/9.0.44]
2021-04-03 22:09:39.403 INFO  o.a.c.core.ContainerBase.[Tomcat].[localhost].[/] :173  [32m                  [0;39m Initializing Spring embedded WebApplicationContext
2021-04-03 22:09:39.404 INFO  o.s.b.w.s.c.ServletWebServerApplicationContext    :289  [32m                  [0;39m Root WebApplicationContext: initialization completed in 558 ms
2021-04-03 22:09:39.700 INFO  o.s.scheduling.concurrent.ThreadPoolTaskExecutor  :181  [32m                  [0;39m Initializing ExecutorService 'applicationTaskExecutor'
2021-04-03 22:09:39.778 INFO  o.s.b.d.autoconfigure.OptionalLiveReloadServer    :58   [32m                  [0;39m LiveReload server is running on port 35729
2021-04-03 22:09:39.788 INFO  org.apache.coyote.http11.Http11NioProtocol        :173  [32m                  [0;39m Starting ProtocolHandler ["http-nio-8080"]
2021-04-03 22:09:39.795 INFO  o.s.boot.web.embedded.tomcat.TomcatWebServer      :220  [32m                  [0;39m Tomcat started on port(s): 8080 (http) with context path ''
2021-04-03 22:09:39.801 INFO  com.github.frankzengjj.Wiki.WikiApplication       :61   [32m                  [0;39m Started WikiApplication in 1.183 seconds (JVM running for 703.081)
2021-04-03 22:09:39.803 INFO  o.s.b.d.a.ConditionEvaluationDeltaLoggingListener :63   [32m                  [0;39m Condition evaluation unchanged
2021-04-03 22:09:41.223 INFO  o.s.scheduling.concurrent.ThreadPoolTaskExecutor  :218  [32m                  [0;39m Shutting down ExecutorService 'applicationTaskExecutor'
2021-04-03 22:09:41.341 INFO  com.github.frankzengjj.Wiki.WikiApplication       :55   [32m                  [0;39m Starting WikiApplication using Java 14.0.1 on Tianyus-MacBook-Air.local with PID 28574 (/Users/tianyuzeng/Desktop/github/Wiki/target/classes started by tianyuzeng in /Users/tianyuzeng/Desktop/github/Wiki)
2021-04-03 22:09:41.341 INFO  com.github.frankzengjj.Wiki.WikiApplication       :662  [32m                  [0;39m No active profile set, falling back to default profiles: default
2021-04-03 22:09:41.564 INFO  o.s.boot.web.embedded.tomcat.TomcatWebServer      :108  [32m                  [0;39m Tomcat initialized with port(s): 8080 (http)
2021-04-03 22:09:41.564 INFO  org.apache.coyote.http11.Http11NioProtocol        :173  [32m                  [0;39m Initializing ProtocolHandler ["http-nio-8080"]
2021-04-03 22:09:41.565 INFO  org.apache.catalina.core.StandardService          :173  [32m                  [0;39m Starting service [Tomcat]
2021-04-03 22:09:41.565 INFO  org.apache.catalina.core.StandardEngine           :173  [32m                  [0;39m Starting Servlet engine: [Apache Tomcat/9.0.44]
2021-04-03 22:09:41.577 INFO  o.a.c.core.ContainerBase.[Tomcat].[localhost].[/] :173  [32m                  [0;39m Initializing Spring embedded WebApplicationContext
2021-04-03 22:09:41.577 INFO  o.s.b.w.s.c.ServletWebServerApplicationContext    :289  [32m                  [0;39m Root WebApplicationContext: initialization completed in 232 ms
2021-04-03 22:09:41.751 INFO  o.s.scheduling.concurrent.ThreadPoolTaskExecutor  :181  [32m                  [0;39m Initializing ExecutorService 'applicationTaskExecutor'
2021-04-03 22:09:41.844 INFO  o.s.b.d.autoconfigure.OptionalLiveReloadServer    :58   [32m                  [0;39m LiveReload server is running on port 35729
2021-04-03 22:09:41.856 INFO  org.apache.coyote.http11.Http11NioProtocol        :173  [32m                  [0;39m Starting ProtocolHandler ["http-nio-8080"]
2021-04-03 22:09:41.863 INFO  o.s.boot.web.embedded.tomcat.TomcatWebServer      :220  [32m                  [0;39m Tomcat started on port(s): 8080 (http) with context path ''
2021-04-03 22:09:41.869 INFO  com.github.frankzengjj.Wiki.WikiApplication       :61   [32m                  [0;39m Started WikiApplication in 0.559 seconds (JVM running for 705.15)
2021-04-03 22:09:41.870 INFO  o.s.b.d.a.ConditionEvaluationDeltaLoggingListener :63   [32m                  [0;39m Condition evaluation unchanged
2021-04-03 22:09:53.076 INFO  o.a.c.core.ContainerBase.[Tomcat].[localhost].[/] :173  [32m                  [0;39m Initializing Spring DispatcherServlet 'dispatcherServlet'
2021-04-03 22:09:53.077 INFO  org.springframework.web.servlet.DispatcherServlet :525  [32m                  [0;39m Initializing Servlet 'dispatcherServlet'
2021-04-03 22:09:53.078 INFO  org.springframework.web.servlet.DispatcherServlet :547  [32m                  [0;39m Completed initialization in 1 ms
2021-04-03 22:09:53.141 INFO  com.zaxxer.hikari.HikariDataSource                :110  [32m                  [0;39m HikariPool-2 - Starting...
2021-04-03 22:09:54.506 INFO  com.zaxxer.hikari.HikariDataSource                :123  [32m                  [0;39m HikariPool-2 - Start completed.
2021-04-03 22:10:05.177 INFO  o.s.scheduling.concurrent.ThreadPoolTaskExecutor  :218  [32m                  [0;39m Shutting down ExecutorService 'applicationTaskExecutor'
2021-04-03 22:10:05.178 INFO  com.zaxxer.hikari.HikariDataSource                :350  [32m                  [0;39m HikariPool-2 - Shutdown initiated...
2021-04-03 22:10:06.183 INFO  com.zaxxer.hikari.HikariDataSource                :352  [32m                  [0;39m HikariPool-2 - Shutdown completed.
2021-04-03 22:10:16.371 INFO  com.github.frankzengjj.Wiki.WikiApplication       :55   [32m                  [0;39m Starting WikiApplication using Java 14.0.1 on Tianyus-MacBook-Air.local with PID 30084 (/Users/tianyuzeng/Desktop/github/Wiki/target/classes started by tianyuzeng in /Users/tianyuzeng/Desktop/github/Wiki)
2021-04-03 22:10:16.381 INFO  com.github.frankzengjj.Wiki.WikiApplication       :662  [32m                  [0;39m No active profile set, falling back to default profiles: default
2021-04-03 22:10:16.517 INFO  o.s.b.d.env.DevToolsPropertyDefaultsPostProcessor :255  [32m                  [0;39m Devtools property defaults active! Set 'spring.devtools.add-properties' to 'false' to disable
2021-04-03 22:10:16.519 INFO  o.s.b.d.env.DevToolsPropertyDefaultsPostProcessor :255  [32m                  [0;39m For additional web related logging consider setting the 'logging.level.web' property to 'DEBUG'
2021-04-03 22:10:18.082 INFO  o.s.boot.web.embedded.tomcat.TomcatWebServer      :108  [32m                  [0;39m Tomcat initialized with port(s): 8080 (http)
2021-04-03 22:10:18.099 INFO  org.apache.coyote.http11.Http11NioProtocol        :173  [32m                  [0;39m Initializing ProtocolHandler ["http-nio-8080"]
2021-04-03 22:10:18.100 INFO  org.apache.catalina.core.StandardService          :173  [32m                  [0;39m Starting service [Tomcat]
2021-04-03 22:10:18.101 INFO  org.apache.catalina.core.StandardEngine           :173  [32m                  [0;39m Starting Servlet engine: [Apache Tomcat/9.0.44]
2021-04-03 22:10:18.164 INFO  o.a.c.core.ContainerBase.[Tomcat].[localhost].[/] :173  [32m                  [0;39m Initializing Spring embedded WebApplicationContext
2021-04-03 22:10:18.165 INFO  o.s.b.w.s.c.ServletWebServerApplicationContext    :289  [32m                  [0;39m Root WebApplicationContext: initialization completed in 1645 ms
2021-04-03 22:10:18.688 INFO  o.s.scheduling.concurrent.ThreadPoolTaskExecutor  :181  [32m                  [0;39m Initializing ExecutorService 'applicationTaskExecutor'
2021-04-03 22:10:18.901 INFO  o.s.b.d.autoconfigure.OptionalLiveReloadServer    :58   [32m                  [0;39m LiveReload server is running on port 35729
2021-04-03 22:10:18.915 INFO  org.apache.coyote.http11.Http11NioProtocol        :173  [32m                  [0;39m Starting ProtocolHandler ["http-nio-8080"]
2021-04-03 22:10:18.935 INFO  o.s.boot.web.embedded.tomcat.TomcatWebServer      :220  [32m                  [0;39m Tomcat started on port(s): 8080 (http) with context path ''
2021-04-03 22:10:18.946 INFO  com.github.frankzengjj.Wiki.WikiApplication       :61   [32m                  [0;39m Started WikiApplication in 3.394 seconds (JVM running for 4.351)
2021-04-03 22:10:24.649 INFO  o.a.c.core.ContainerBase.[Tomcat].[localhost].[/] :173  [32m                  [0;39m Initializing Spring DispatcherServlet 'dispatcherServlet'
2021-04-03 22:10:24.651 INFO  org.springframework.web.servlet.DispatcherServlet :525  [32m                  [0;39m Initializing Servlet 'dispatcherServlet'
2021-04-03 22:10:24.654 INFO  org.springframework.web.servlet.DispatcherServlet :547  [32m                  [0;39m Completed initialization in 2 ms
2021-04-03 22:10:24.782 INFO  com.zaxxer.hikari.HikariDataSource                :110  [32m                  [0;39m HikariPool-1 - Starting...
2021-04-03 22:10:26.629 INFO  com.zaxxer.hikari.HikariDataSource                :123  [32m                  [0;39m HikariPool-1 - Start completed.
2021-04-03 22:11:39.158 INFO  org.apache.tomcat.util.http.Parameters            :173  [32m                  [0;39m Invalid chunk starting at byte [0] and ending at byte [7] with a value of [=oracle] ignored
 Note: further occurrences of Parameter errors will be logged at DEBUG level.
2021-04-03 22:11:54.298 INFO  o.s.scheduling.concurrent.ThreadPoolTaskExecutor  :218  [32m                  [0;39m Shutting down ExecutorService 'applicationTaskExecutor'
2021-04-03 22:11:54.300 INFO  com.zaxxer.hikari.HikariDataSource                :350  [32m                  [0;39m HikariPool-1 - Shutdown initiated...
2021-04-03 22:11:55.331 INFO  com.zaxxer.hikari.HikariDataSource                :352  [32m                  [0;39m HikariPool-1 - Shutdown completed.
2021-04-03 22:12:03.316 INFO  com.github.frankzengjj.Wiki.WikiApplication       :55   [32m                  [0;39m Starting WikiApplication using Java 14.0.1 on Tianyus-MacBook-Air.local with PID 30093 (/Users/tianyuzeng/Desktop/github/Wiki/target/classes started by tianyuzeng in /Users/tianyuzeng/Desktop/github/Wiki)
2021-04-03 22:12:03.320 INFO  com.github.frankzengjj.Wiki.WikiApplication       :662  [32m                  [0;39m No active profile set, falling back to default profiles: default
2021-04-03 22:12:03.520 INFO  o.s.b.d.env.DevToolsPropertyDefaultsPostProcessor :255  [32m                  [0;39m Devtools property defaults active! Set 'spring.devtools.add-properties' to 'false' to disable
2021-04-03 22:12:03.522 INFO  o.s.b.d.env.DevToolsPropertyDefaultsPostProcessor :255  [32m                  [0;39m For additional web related logging consider setting the 'logging.level.web' property to 'DEBUG'
2021-04-03 22:12:04.981 INFO  o.s.boot.web.embedded.tomcat.TomcatWebServer      :108  [32m                  [0;39m Tomcat initialized with port(s): 8080 (http)
2021-04-03 22:12:04.992 INFO  org.apache.coyote.http11.Http11NioProtocol        :173  [32m                  [0;39m Initializing ProtocolHandler ["http-nio-8080"]
2021-04-03 22:12:04.993 INFO  org.apache.catalina.core.StandardService          :173  [32m                  [0;39m Starting service [Tomcat]
2021-04-03 22:12:04.994 INFO  org.apache.catalina.core.StandardEngine           :173  [32m                  [0;39m Starting Servlet engine: [Apache Tomcat/9.0.44]
2021-04-03 22:12:05.062 INFO  o.a.c.core.ContainerBase.[Tomcat].[localhost].[/] :173  [32m                  [0;39m Initializing Spring embedded WebApplicationContext
2021-04-03 22:12:05.063 INFO  o.s.b.w.s.c.ServletWebServerApplicationContext    :289  [32m                  [0;39m Root WebApplicationContext: initialization completed in 1539 ms
2021-04-03 22:12:05.653 INFO  o.s.scheduling.concurrent.ThreadPoolTaskExecutor  :181  [32m                  [0;39m Initializing ExecutorService 'applicationTaskExecutor'
2021-04-03 22:12:05.897 INFO  o.s.b.d.autoconfigure.OptionalLiveReloadServer    :58   [32m                  [0;39m LiveReload server is running on port 35729
2021-04-03 22:12:05.915 INFO  org.apache.coyote.http11.Http11NioProtocol        :173  [32m                  [0;39m Starting ProtocolHandler ["http-nio-8080"]
2021-04-03 22:12:05.936 INFO  o.s.boot.web.embedded.tomcat.TomcatWebServer      :220  [32m                  [0;39m Tomcat started on port(s): 8080 (http) with context path ''
2021-04-03 22:12:05.949 INFO  com.github.frankzengjj.Wiki.WikiApplication       :61   [32m                  [0;39m Started WikiApplication in 3.685 seconds (JVM running for 4.613)
2021-04-03 22:12:18.081 INFO  o.a.c.core.ContainerBase.[Tomcat].[localhost].[/] :173  [32m                  [0;39m Initializing Spring DispatcherServlet 'dispatcherServlet'
2021-04-03 22:12:18.084 INFO  org.springframework.web.servlet.DispatcherServlet :525  [32m                  [0;39m Initializing Servlet 'dispatcherServlet'
2021-04-03 22:12:18.095 INFO  org.springframework.web.servlet.DispatcherServlet :547  [32m                  [0;39m Completed initialization in 11 ms
2021-04-03 22:12:18.154 INFO  org.apache.tomcat.util.http.Parameters            :173  [32m                  [0;39m Invalid chunk starting at byte [0] and ending at byte [7] with a value of [=Oracle] ignored
 Note: further occurrences of Parameter errors will be logged at DEBUG level.
2021-04-03 22:12:18.259 INFO  com.zaxxer.hikari.HikariDataSource                :110  [32m                  [0;39m HikariPool-1 - Starting...
2021-04-03 22:12:20.278 INFO  com.zaxxer.hikari.HikariDataSource                :123  [32m                  [0;39m HikariPool-1 - Start completed.
2021-04-03 22:14:54.924 INFO  o.s.scheduling.concurrent.ThreadPoolTaskExecutor  :218  [32m                  [0;39m Shutting down ExecutorService 'applicationTaskExecutor'
2021-04-03 22:14:54.928 INFO  com.zaxxer.hikari.HikariDataSource                :350  [32m                  [0;39m HikariPool-1 - Shutdown initiated...
2021-04-03 22:14:55.914 INFO  com.zaxxer.hikari.HikariDataSource                :352  [32m                  [0;39m HikariPool-1 - Shutdown completed.
2021-04-03 22:16:41.879 INFO  com.github.frankzengjj.Wiki.WikiApplication       :55   [32m                  [0;39m Starting WikiApplication using Java 14.0.1 on Tianyus-MacBook-Air.local with PID 30153 (/Users/tianyuzeng/Desktop/github/Wiki/target/classes started by tianyuzeng in /Users/tianyuzeng/Desktop/github/Wiki)
2021-04-03 22:16:41.886 INFO  com.github.frankzengjj.Wiki.WikiApplication       :662  [32m                  [0;39m No active profile set, falling back to default profiles: default
2021-04-03 22:16:42.014 INFO  o.s.b.d.env.DevToolsPropertyDefaultsPostProcessor :255  [32m                  [0;39m Devtools property defaults active! Set 'spring.devtools.add-properties' to 'false' to disable
2021-04-03 22:16:42.015 INFO  o.s.b.d.env.DevToolsPropertyDefaultsPostProcessor :255  [32m                  [0;39m For additional web related logging consider setting the 'logging.level.web' property to 'DEBUG'
2021-04-03 22:16:43.640 INFO  o.s.boot.web.embedded.tomcat.TomcatWebServer      :108  [32m                  [0;39m Tomcat initialized with port(s): 8080 (http)
2021-04-03 22:16:43.655 INFO  org.apache.coyote.http11.Http11NioProtocol        :173  [32m                  [0;39m Initializing ProtocolHandler ["http-nio-8080"]
2021-04-03 22:16:43.656 INFO  org.apache.catalina.core.StandardService          :173  [32m                  [0;39m Starting service [Tomcat]
2021-04-03 22:16:43.656 INFO  org.apache.catalina.core.StandardEngine           :173  [32m                  [0;39m Starting Servlet engine: [Apache Tomcat/9.0.44]
2021-04-03 22:16:43.741 INFO  o.a.c.core.ContainerBase.[Tomcat].[localhost].[/] :173  [32m                  [0;39m Initializing Spring embedded WebApplicationContext
2021-04-03 22:16:43.741 INFO  o.s.b.w.s.c.ServletWebServerApplicationContext    :289  [32m                  [0;39m Root WebApplicationContext: initialization completed in 1721 ms
2021-04-03 22:16:44.381 INFO  o.s.scheduling.concurrent.ThreadPoolTaskExecutor  :181  [32m                  [0;39m Initializing ExecutorService 'applicationTaskExecutor'
2021-04-03 22:16:44.632 INFO  o.s.b.d.autoconfigure.OptionalLiveReloadServer    :58   [32m                  [0;39m LiveReload server is running on port 35729
2021-04-03 22:16:44.653 INFO  org.apache.coyote.http11.Http11NioProtocol        :173  [32m                  [0;39m Starting ProtocolHandler ["http-nio-8080"]
2021-04-03 22:16:44.677 INFO  o.s.boot.web.embedded.tomcat.TomcatWebServer      :220  [32m                  [0;39m Tomcat started on port(s): 8080 (http) with context path ''
2021-04-03 22:16:44.691 INFO  com.github.frankzengjj.Wiki.WikiApplication       :61   [32m                  [0;39m Started WikiApplication in 3.824 seconds (JVM running for 4.927)
2021-04-03 22:16:52.988 INFO  o.a.c.core.ContainerBase.[Tomcat].[localhost].[/] :173  [32m                  [0;39m Initializing Spring DispatcherServlet 'dispatcherServlet'
2021-04-03 22:16:52.990 INFO  org.springframework.web.servlet.DispatcherServlet :525  [32m                  [0;39m Initializing Servlet 'dispatcherServlet'
2021-04-03 22:16:52.993 INFO  org.springframework.web.servlet.DispatcherServlet :547  [32m                  [0;39m Completed initialization in 3 ms
2021-04-03 22:16:53.144 INFO  com.zaxxer.hikari.HikariDataSource                :110  [32m                  [0;39m HikariPool-1 - Starting...
2021-04-03 22:16:55.190 INFO  com.zaxxer.hikari.HikariDataSource                :123  [32m                  [0;39m HikariPool-1 - Start completed.
2021-04-03 22:23:07.223 INFO  o.s.scheduling.concurrent.ThreadPoolTaskExecutor  :218  [32m                  [0;39m Shutting down ExecutorService 'applicationTaskExecutor'
2021-04-03 22:23:07.229 INFO  com.zaxxer.hikari.HikariDataSource                :350  [32m                  [0;39m HikariPool-1 - Shutdown initiated...
2021-04-03 22:23:08.271 INFO  com.zaxxer.hikari.HikariDataSource                :352  [32m                  [0;39m HikariPool-1 - Shutdown completed.
2021-04-03 22:23:13.999 INFO  com.github.frankzengjj.Wiki.WikiApplication       :55   [32m                  [0;39m Starting WikiApplication using Java 14.0.1 on Tianyus-MacBook-Air.local with PID 30197 (/Users/tianyuzeng/Desktop/github/Wiki/target/classes started by tianyuzeng in /Users/tianyuzeng/Desktop/github/Wiki)
2021-04-03 22:23:14.011 INFO  com.github.frankzengjj.Wiki.WikiApplication       :662  [32m                  [0;39m No active profile set, falling back to default profiles: default
2021-04-03 22:23:14.178 INFO  o.s.b.d.env.DevToolsPropertyDefaultsPostProcessor :255  [32m                  [0;39m Devtools property defaults active! Set 'spring.devtools.add-properties' to 'false' to disable
2021-04-03 22:23:14.179 INFO  o.s.b.d.env.DevToolsPropertyDefaultsPostProcessor :255  [32m                  [0;39m For additional web related logging consider setting the 'logging.level.web' property to 'DEBUG'
2021-04-03 22:23:16.003 INFO  o.s.boot.web.embedded.tomcat.TomcatWebServer      :108  [32m                  [0;39m Tomcat initialized with port(s): 8080 (http)
2021-04-03 22:23:16.017 INFO  org.apache.coyote.http11.Http11NioProtocol        :173  [32m                  [0;39m Initializing ProtocolHandler ["http-nio-8080"]
2021-04-03 22:23:16.018 INFO  org.apache.catalina.core.StandardService          :173  [32m                  [0;39m Starting service [Tomcat]
2021-04-03 22:23:16.019 INFO  org.apache.catalina.core.StandardEngine           :173  [32m                  [0;39m Starting Servlet engine: [Apache Tomcat/9.0.44]
2021-04-03 22:23:16.108 INFO  o.a.c.core.ContainerBase.[Tomcat].[localhost].[/] :173  [32m                  [0;39m Initializing Spring embedded WebApplicationContext
2021-04-03 22:23:16.108 INFO  o.s.b.w.s.c.ServletWebServerApplicationContext    :289  [32m                  [0;39m Root WebApplicationContext: initialization completed in 1926 ms
2021-04-03 22:23:16.766 INFO  o.s.scheduling.concurrent.ThreadPoolTaskExecutor  :181  [32m                  [0;39m Initializing ExecutorService 'applicationTaskExecutor'
2021-04-03 22:23:17.048 INFO  o.s.b.d.autoconfigure.OptionalLiveReloadServer    :58   [32m                  [0;39m LiveReload server is running on port 35729
2021-04-03 22:23:17.063 INFO  org.apache.coyote.http11.Http11NioProtocol        :173  [32m                  [0;39m Starting ProtocolHandler ["http-nio-8080"]
2021-04-03 22:23:17.091 INFO  o.s.boot.web.embedded.tomcat.TomcatWebServer      :220  [32m                  [0;39m Tomcat started on port(s): 8080 (http) with context path ''
2021-04-03 22:23:17.105 INFO  com.github.frankzengjj.Wiki.WikiApplication       :61   [32m                  [0;39m Started WikiApplication in 3.991 seconds (JVM running for 5.086)
2021-04-03 22:23:26.175 INFO  o.a.c.core.ContainerBase.[Tomcat].[localhost].[/] :173  [32m                  [0;39m Initializing Spring DispatcherServlet 'dispatcherServlet'
2021-04-03 22:23:26.177 INFO  org.springframework.web.servlet.DispatcherServlet :525  [32m                  [0;39m Initializing Servlet 'dispatcherServlet'
2021-04-03 22:23:26.179 INFO  org.springframework.web.servlet.DispatcherServlet :547  [32m                  [0;39m Completed initialization in 2 ms
2021-04-03 22:23:26.333 INFO  com.zaxxer.hikari.HikariDataSource                :110  [32m                  [0;39m HikariPool-1 - Starting...
2021-04-03 22:23:28.159 INFO  com.zaxxer.hikari.HikariDataSource                :123  [32m                  [0;39m HikariPool-1 - Start completed.
2021-04-03 22:23:55.861 INFO  o.s.scheduling.concurrent.ThreadPoolTaskExecutor  :218  [32m                  [0;39m Shutting down ExecutorService 'applicationTaskExecutor'
2021-04-03 22:23:55.862 INFO  com.zaxxer.hikari.HikariDataSource                :350  [32m                  [0;39m HikariPool-1 - Shutdown initiated...
2021-04-03 22:23:56.855 INFO  com.zaxxer.hikari.HikariDataSource                :352  [32m                  [0;39m HikariPool-1 - Shutdown completed.
2021-04-03 22:24:02.577 INFO  com.github.frankzengjj.Wiki.WikiApplication       :55   [32m                  [0;39m Starting WikiApplication using Java 14.0.1 on Tianyus-MacBook-Air.local with PID 30207 (/Users/tianyuzeng/Desktop/github/Wiki/target/classes started by tianyuzeng in /Users/tianyuzeng/Desktop/github/Wiki)
2021-04-03 22:24:02.596 INFO  com.github.frankzengjj.Wiki.WikiApplication       :662  [32m                  [0;39m No active profile set, falling back to default profiles: default
2021-04-03 22:24:02.726 INFO  o.s.b.d.env.DevToolsPropertyDefaultsPostProcessor :255  [32m                  [0;39m Devtools property defaults active! Set 'spring.devtools.add-properties' to 'false' to disable
2021-04-03 22:24:02.726 INFO  o.s.b.d.env.DevToolsPropertyDefaultsPostProcessor :255  [32m                  [0;39m For additional web related logging consider setting the 'logging.level.web' property to 'DEBUG'
2021-04-03 22:24:04.983 INFO  o.s.boot.web.embedded.tomcat.TomcatWebServer      :108  [32m                  [0;39m Tomcat initialized with port(s): 8080 (http)
2021-04-03 22:24:05.000 INFO  org.apache.coyote.http11.Http11NioProtocol        :173  [32m                  [0;39m Initializing ProtocolHandler ["http-nio-8080"]
2021-04-03 22:24:05.001 INFO  org.apache.catalina.core.StandardService          :173  [32m                  [0;39m Starting service [Tomcat]
2021-04-03 22:24:05.002 INFO  org.apache.catalina.core.StandardEngine           :173  [32m                  [0;39m Starting Servlet engine: [Apache Tomcat/9.0.44]
2021-04-03 22:24:05.090 INFO  o.a.c.core.ContainerBase.[Tomcat].[localhost].[/] :173  [32m                  [0;39m Initializing Spring embedded WebApplicationContext
2021-04-03 22:24:05.091 INFO  o.s.b.w.s.c.ServletWebServerApplicationContext    :289  [32m                  [0;39m Root WebApplicationContext: initialization completed in 2364 ms
2021-04-03 22:24:05.817 INFO  o.s.scheduling.concurrent.ThreadPoolTaskExecutor  :181  [32m                  [0;39m Initializing ExecutorService 'applicationTaskExecutor'
2021-04-03 22:24:06.857 INFO  o.s.b.d.autoconfigure.OptionalLiveReloadServer    :58   [32m                  [0;39m LiveReload server is running on port 35729
2021-04-03 22:24:06.895 INFO  org.apache.coyote.http11.Http11NioProtocol        :173  [32m                  [0;39m Starting ProtocolHandler ["http-nio-8080"]
2021-04-03 22:24:06.947 INFO  o.s.boot.web.embedded.tomcat.TomcatWebServer      :220  [32m                  [0;39m Tomcat started on port(s): 8080 (http) with context path ''
2021-04-03 22:24:06.965 INFO  com.github.frankzengjj.Wiki.WikiApplication       :61   [32m                  [0;39m Started WikiApplication in 5.128 seconds (JVM running for 6.077)
2021-04-03 22:24:09.264 INFO  o.a.c.core.ContainerBase.[Tomcat].[localhost].[/] :173  [32m                  [0;39m Initializing Spring DispatcherServlet 'dispatcherServlet'
2021-04-03 22:24:09.266 INFO  org.springframework.web.servlet.DispatcherServlet :525  [32m                  [0;39m Initializing Servlet 'dispatcherServlet'
2021-04-03 22:24:09.269 INFO  org.springframework.web.servlet.DispatcherServlet :547  [32m                  [0;39m Completed initialization in 2 ms
2021-04-03 22:24:09.415 INFO  com.zaxxer.hikari.HikariDataSource                :110  [32m                  [0;39m HikariPool-1 - Starting...
2021-04-03 22:24:11.225 INFO  com.zaxxer.hikari.HikariDataSource                :123  [32m                  [0;39m HikariPool-1 - Start completed.
2021-04-03 22:24:22.488 INFO  o.s.scheduling.concurrent.ThreadPoolTaskExecutor  :218  [32m                  [0;39m Shutting down ExecutorService 'applicationTaskExecutor'
2021-04-03 22:24:22.489 INFO  com.zaxxer.hikari.HikariDataSource                :350  [32m                  [0;39m HikariPool-1 - Shutdown initiated...
2021-04-03 22:24:23.450 INFO  com.zaxxer.hikari.HikariDataSource                :352  [32m                  [0;39m HikariPool-1 - Shutdown completed.
2021-04-03 22:29:23.313 INFO  com.github.frankzengjj.Wiki.WikiApplication       :55   [32m                  [0;39m Starting WikiApplication using Java 14.0.1 on Tianyus-MacBook-Air.local with PID 30252 (/Users/tianyuzeng/Desktop/github/Wiki/target/classes started by tianyuzeng in /Users/tianyuzeng/Desktop/github/Wiki)
2021-04-03 22:29:23.332 INFO  com.github.frankzengjj.Wiki.WikiApplication       :662  [32m                  [0;39m No active profile set, falling back to default profiles: default
2021-04-03 22:29:23.473 INFO  o.s.b.d.env.DevToolsPropertyDefaultsPostProcessor :255  [32m                  [0;39m Devtools property defaults active! Set 'spring.devtools.add-properties' to 'false' to disable
2021-04-03 22:29:23.474 INFO  o.s.b.d.env.DevToolsPropertyDefaultsPostProcessor :255  [32m                  [0;39m For additional web related logging consider setting the 'logging.level.web' property to 'DEBUG'
2021-04-03 22:29:25.392 INFO  o.s.boot.web.embedded.tomcat.TomcatWebServer      :108  [32m                  [0;39m Tomcat initialized with port(s): 8080 (http)
2021-04-03 22:29:25.409 INFO  org.apache.coyote.http11.Http11NioProtocol        :173  [32m                  [0;39m Initializing ProtocolHandler ["http-nio-8080"]
2021-04-03 22:29:25.410 INFO  org.apache.catalina.core.StandardService          :173  [32m                  [0;39m Starting service [Tomcat]
2021-04-03 22:29:25.411 INFO  org.apache.catalina.core.StandardEngine           :173  [32m                  [0;39m Starting Servlet engine: [Apache Tomcat/9.0.44]
2021-04-03 22:29:25.482 INFO  o.a.c.core.ContainerBase.[Tomcat].[localhost].[/] :173  [32m                  [0;39m Initializing Spring embedded WebApplicationContext
2021-04-03 22:29:25.483 INFO  o.s.b.w.s.c.ServletWebServerApplicationContext    :289  [32m                  [0;39m Root WebApplicationContext: initialization completed in 2007 ms
2021-04-03 22:29:26.040 INFO  o.s.scheduling.concurrent.ThreadPoolTaskExecutor  :181  [32m                  [0;39m Initializing ExecutorService 'applicationTaskExecutor'
2021-04-03 22:29:26.296 INFO  o.s.b.d.autoconfigure.OptionalLiveReloadServer    :58   [32m                  [0;39m LiveReload server is running on port 35729
2021-04-03 22:29:26.309 INFO  org.apache.coyote.http11.Http11NioProtocol        :173  [32m                  [0;39m Starting ProtocolHandler ["http-nio-8080"]
2021-04-03 22:29:26.330 INFO  o.s.boot.web.embedded.tomcat.TomcatWebServer      :220  [32m                  [0;39m Tomcat started on port(s): 8080 (http) with context path ''
2021-04-03 22:29:26.345 INFO  com.github.frankzengjj.Wiki.WikiApplication       :61   [32m                  [0;39m Started WikiApplication in 3.812 seconds (JVM running for 5.106)
2021-04-03 22:29:39.078 INFO  o.a.c.core.ContainerBase.[Tomcat].[localhost].[/] :173  [32m                  [0;39m Initializing Spring DispatcherServlet 'dispatcherServlet'
2021-04-03 22:29:39.080 INFO  org.springframework.web.servlet.DispatcherServlet :525  [32m                  [0;39m Initializing Servlet 'dispatcherServlet'
2021-04-03 22:29:39.083 INFO  org.springframework.web.servlet.DispatcherServlet :547  [32m                  [0;39m Completed initialization in 2 ms
2021-04-03 22:29:39.235 INFO  com.zaxxer.hikari.HikariDataSource                :110  [32m                  [0;39m HikariPool-1 - Starting...
2021-04-03 22:29:41.213 INFO  com.zaxxer.hikari.HikariDataSource                :123  [32m                  [0;39m HikariPool-1 - Start completed.
2021-04-03 22:33:23.923 INFO  o.s.scheduling.concurrent.ThreadPoolTaskExecutor  :218  [32m                  [0;39m Shutting down ExecutorService 'applicationTaskExecutor'
2021-04-03 22:33:23.928 INFO  com.zaxxer.hikari.HikariDataSource                :350  [32m                  [0;39m HikariPool-1 - Shutdown initiated...
2021-04-03 22:33:25.152 INFO  com.zaxxer.hikari.HikariDataSource                :352  [32m                  [0;39m HikariPool-1 - Shutdown completed.
2021-04-03 22:33:31.617 INFO  com.github.frankzengjj.Wiki.WikiApplication       :55   [32m                  [0;39m Starting WikiApplication using Java 14.0.1 on Tianyus-MacBook-Air.local with PID 30271 (/Users/tianyuzeng/Desktop/github/Wiki/target/classes started by tianyuzeng in /Users/tianyuzeng/Desktop/github/Wiki)
2021-04-03 22:33:31.625 INFO  com.github.frankzengjj.Wiki.WikiApplication       :662  [32m                  [0;39m No active profile set, falling back to default profiles: default
2021-04-03 22:33:31.780 INFO  o.s.b.d.env.DevToolsPropertyDefaultsPostProcessor :255  [32m                  [0;39m Devtools property defaults active! Set 'spring.devtools.add-properties' to 'false' to disable
2021-04-03 22:33:31.781 INFO  o.s.b.d.env.DevToolsPropertyDefaultsPostProcessor :255  [32m                  [0;39m For additional web related logging consider setting the 'logging.level.web' property to 'DEBUG'
2021-04-03 22:33:33.535 INFO  o.s.boot.web.embedded.tomcat.TomcatWebServer      :108  [32m                  [0;39m Tomcat initialized with port(s): 8080 (http)
2021-04-03 22:33:33.546 INFO  org.apache.coyote.http11.Http11NioProtocol        :173  [32m                  [0;39m Initializing ProtocolHandler ["http-nio-8080"]
2021-04-03 22:33:33.547 INFO  org.apache.catalina.core.StandardService          :173  [32m                  [0;39m Starting service [Tomcat]
2021-04-03 22:33:33.548 INFO  org.apache.catalina.core.StandardEngine           :173  [32m                  [0;39m Starting Servlet engine: [Apache Tomcat/9.0.44]
2021-04-03 22:33:33.624 INFO  o.a.c.core.ContainerBase.[Tomcat].[localhost].[/] :173  [32m                  [0;39m Initializing Spring embedded WebApplicationContext
2021-04-03 22:33:33.625 INFO  o.s.b.w.s.c.ServletWebServerApplicationContext    :289  [32m                  [0;39m Root WebApplicationContext: initialization completed in 1843 ms
2021-04-03 22:33:34.278 INFO  o.s.scheduling.concurrent.ThreadPoolTaskExecutor  :181  [32m                  [0;39m Initializing ExecutorService 'applicationTaskExecutor'
2021-04-03 22:33:34.526 INFO  o.s.b.d.autoconfigure.OptionalLiveReloadServer    :58   [32m                  [0;39m LiveReload server is running on port 35729
2021-04-03 22:33:34.541 INFO  org.apache.coyote.http11.Http11NioProtocol        :173  [32m                  [0;39m Starting ProtocolHandler ["http-nio-8080"]
2021-04-03 22:33:34.565 INFO  o.s.boot.web.embedded.tomcat.TomcatWebServer      :220  [32m                  [0;39m Tomcat started on port(s): 8080 (http) with context path ''
2021-04-03 22:33:34.577 INFO  com.github.frankzengjj.Wiki.WikiApplication       :61   [32m                  [0;39m Started WikiApplication in 3.987 seconds (JVM running for 4.954)
2021-04-03 22:33:39.254 INFO  o.a.c.core.ContainerBase.[Tomcat].[localhost].[/] :173  [32m                  [0;39m Initializing Spring DispatcherServlet 'dispatcherServlet'
2021-04-03 22:33:39.256 INFO  org.springframework.web.servlet.DispatcherServlet :525  [32m                  [0;39m Initializing Servlet 'dispatcherServlet'
2021-04-03 22:33:39.261 INFO  org.springframework.web.servlet.DispatcherServlet :547  [32m                  [0;39m Completed initialization in 4 ms
2021-04-03 22:33:39.410 INFO  com.zaxxer.hikari.HikariDataSource                :110  [32m                  [0;39m HikariPool-1 - Starting...
2021-04-03 22:33:41.282 INFO  com.zaxxer.hikari.HikariDataSource                :123  [32m                  [0;39m HikariPool-1 - Start completed.
2021-04-03 22:45:11.557 INFO  o.s.scheduling.concurrent.ThreadPoolTaskExecutor  :218  [32m                  [0;39m Shutting down ExecutorService 'applicationTaskExecutor'
2021-04-03 22:45:11.562 INFO  com.zaxxer.hikari.HikariDataSource                :350  [32m                  [0;39m HikariPool-1 - Shutdown initiated...
2021-04-03 22:45:12.555 INFO  com.zaxxer.hikari.HikariDataSource                :352  [32m                  [0;39m HikariPool-1 - Shutdown completed.
2021-04-03 22:45:27.942 INFO  com.github.frankzengjj.Wiki.WikiApplication       :55   [32m                  [0;39m Starting WikiApplication using Java 14.0.1 on Tianyus-MacBook-Air.local with PID 31329 (/Users/tianyuzeng/Desktop/github/Wiki/target/classes started by tianyuzeng in /Users/tianyuzeng/Desktop/github/Wiki)
2021-04-03 22:45:27.959 INFO  com.github.frankzengjj.Wiki.WikiApplication       :662  [32m                  [0;39m No active profile set, falling back to default profiles: default
2021-04-03 22:45:28.385 INFO  o.s.b.d.env.DevToolsPropertyDefaultsPostProcessor :255  [32m                  [0;39m Devtools property defaults active! Set 'spring.devtools.add-properties' to 'false' to disable
2021-04-03 22:45:28.387 INFO  o.s.b.d.env.DevToolsPropertyDefaultsPostProcessor :255  [32m                  [0;39m For additional web related logging consider setting the 'logging.level.web' property to 'DEBUG'
2021-04-03 22:45:34.315 INFO  o.s.boot.web.embedded.tomcat.TomcatWebServer      :108  [32m                  [0;39m Tomcat initialized with port(s): 8080 (http)
2021-04-03 22:45:34.343 INFO  org.apache.coyote.http11.Http11NioProtocol        :173  [32m                  [0;39m Initializing ProtocolHandler ["http-nio-8080"]
2021-04-03 22:45:34.345 INFO  org.apache.catalina.core.StandardService          :173  [32m                  [0;39m Starting service [Tomcat]
2021-04-03 22:45:34.345 INFO  org.apache.catalina.core.StandardEngine           :173  [32m                  [0;39m Starting Servlet engine: [Apache Tomcat/9.0.44]
2021-04-03 22:45:34.696 INFO  o.a.c.core.ContainerBase.[Tomcat].[localhost].[/] :173  [32m                  [0;39m Initializing Spring embedded WebApplicationContext
2021-04-03 22:45:34.697 INFO  o.s.b.w.s.c.ServletWebServerApplicationContext    :289  [32m                  [0;39m Root WebApplicationContext: initialization completed in 6308 ms
2021-04-03 22:45:36.751 INFO  o.s.scheduling.concurrent.ThreadPoolTaskExecutor  :181  [32m                  [0;39m Initializing ExecutorService 'applicationTaskExecutor'
2021-04-03 22:45:37.533 INFO  o.s.b.d.autoconfigure.OptionalLiveReloadServer    :58   [32m                  [0;39m LiveReload server is running on port 35729
2021-04-03 22:45:37.621 INFO  org.apache.coyote.http11.Http11NioProtocol        :173  [32m                  [0;39m Starting ProtocolHandler ["http-nio-8080"]
2021-04-03 22:45:37.704 INFO  o.s.boot.web.embedded.tomcat.TomcatWebServer      :220  [32m                  [0;39m Tomcat started on port(s): 8080 (http) with context path ''
2021-04-03 22:45:37.791 INFO  com.github.frankzengjj.Wiki.WikiApplication       :61   [32m                  [0;39m Started WikiApplication in 12.467 seconds (JVM running for 15.181)
2021-04-03 22:48:10.615 INFO  o.s.scheduling.concurrent.ThreadPoolTaskExecutor  :218  [32m                  [0;39m Shutting down ExecutorService 'applicationTaskExecutor'
